{"/Users/tandy/projects/car-value/frontend/resources/js/App.vue": {"path":"/Users/tandy/projects/car-value/frontend/resources/js/App.vue","statementMap":{"0":{"start":{"line":3,"column":4},"end":{"line":7,"column":6}},"1":{"start":{"line":12,"column":6},"end":{"line":20,"column":9}},"2":{"start":{"line":17,"column":8},"end":{"line":17,"column":30}},"3":{"start":{"line":18,"column":8},"end":{"line":18,"column":51}},"4":{"start":{"line":19,"column":8},"end":{"line":19,"column":34}},"5":{"start":{"line":24,"column":0},"end":{"line":24,"column":13}},"6":{"start":{"line":25,"column":0},"end":{"line":25,"column":62}},"7":{"start":{"line":26,"column":0},"end":{"line":26,"column":24}},"8":{"start":{"line":27,"column":12},"end":{"line":27,"column":26}},"9":{"start":{"line":28,"column":31},"end":{"line":28,"column":121}},"10":{"start":{"line":29,"column":17},"end":{"line":29,"column":33}},"11":{"start":{"line":30,"column":17},"end":{"line":30,"column":38}},"12":{"start":{"line":31,"column":17},"end":{"line":31,"column":40}},"13":{"start":{"line":32,"column":31},"end":{"line":32,"column":101}},"14":{"start":{"line":33,"column":17},"end":{"line":33,"column":40}},"15":{"start":{"line":34,"column":31},"end":{"line":34,"column":101}},"16":{"start":{"line":35,"column":17},"end":{"line":35,"column":40}},"17":{"start":{"line":36,"column":31},"end":{"line":36,"column":102}},"18":{"start":{"line":37,"column":18},"end":{"line":37,"column":41}},"19":{"start":{"line":38,"column":32},"end":{"line":38,"column":105}},"20":{"start":{"line":39,"column":32},"end":{"line":42,"column":31}},"21":{"start":{"line":43,"column":18},"end":{"line":43,"column":36}},"22":{"start":{"line":44,"column":32},"end":{"line":50,"column":20}},"23":{"start":{"line":52,"column":4},"end":{"line":130,"column":8}},"24":{"start":{"line":58,"column":35},"end":{"line":58,"column":37}},"25":{"start":{"line":59,"column":24},"end":{"line":61,"column":25}},"26":{"start":{"line":59,"column":38},"end":{"line":59,"column":39}},"27":{"start":{"line":60,"column":28},"end":{"line":60,"column":53}},"28":{"start":{"line":62,"column":24},"end":{"line":62,"column":86}},"29":{"start":{"line":70,"column":97},"end":{"line":70,"column":142}},"30":{"start":{"line":80,"column":97},"end":{"line":80,"column":142}},"31":{"start":{"line":90,"column":97},"end":{"line":90,"column":143}},"32":{"start":{"line":100,"column":97},"end":{"line":100,"column":145}},"33":{"start":{"line":116,"column":28},"end":{"line":122,"column":32}},"34":{"start":{"line":132,"column":0},"end":{"line":132,"column":24}},"35":{"start":{"line":133,"column":1},"end":{"line":133,"column":48}}},"fnMap":{"0":{"name":"(anonymous_0)","decl":{"start":{"line":2,"column":2},"end":{"line":2,"column":3}},"loc":{"start":{"line":2,"column":9},"end":{"line":8,"column":3}},"line":2},"1":{"name":"(anonymous_1)","decl":{"start":{"line":9,"column":2},"end":{"line":9,"column":3}},"loc":{"start":{"line":9,"column":12},"end":{"line":9,"column":14}},"line":9},"2":{"name":"(anonymous_2)","decl":{"start":{"line":11,"column":4},"end":{"line":11,"column":5}},"loc":{"start":{"line":11,"column":17},"end":{"line":21,"column":5}},"line":11},"3":{"name":"(anonymous_3)","decl":{"start":{"line":16,"column":14},"end":{"line":16,"column":15}},"loc":{"start":{"line":16,"column":21},"end":{"line":20,"column":7}},"line":16},"4":{"name":"render","decl":{"start":{"line":51,"column":9},"end":{"line":51,"column":15}},"loc":{"start":{"line":51,"column":30},"end":{"line":131,"column":1}},"line":51},"5":{"name":"(anonymous_5)","decl":{"start":{"line":57,"column":81},"end":{"line":57,"column":82}},"loc":{"start":{"line":57,"column":93},"end":{"line":63,"column":21}},"line":57},"6":{"name":"(anonymous_6)","decl":{"start":{"line":70,"column":77},"end":{"line":70,"column":78}},"loc":{"start":{"line":70,"column":95},"end":{"line":70,"column":144}},"line":70},"7":{"name":"(anonymous_7)","decl":{"start":{"line":80,"column":77},"end":{"line":80,"column":78}},"loc":{"start":{"line":80,"column":95},"end":{"line":80,"column":144}},"line":80},"8":{"name":"(anonymous_8)","decl":{"start":{"line":90,"column":77},"end":{"line":90,"column":78}},"loc":{"start":{"line":90,"column":95},"end":{"line":90,"column":145}},"line":90},"9":{"name":"(anonymous_9)","decl":{"start":{"line":100,"column":77},"end":{"line":100,"column":78}},"loc":{"start":{"line":100,"column":95},"end":{"line":100,"column":147}},"line":100},"10":{"name":"(anonymous_10)","decl":{"start":{"line":115,"column":138},"end":{"line":115,"column":139}},"loc":{"start":{"line":115,"column":153},"end":{"line":123,"column":25}},"line":115}},"branchMap":{"0":{"loc":{"start":{"line":57,"column":30},"end":{"line":63,"column":36}},"type":"binary-expr","locations":[{"start":{"line":57,"column":30},"end":{"line":57,"column":39}},{"start":{"line":57,"column":44},"end":{"line":63,"column":35}}],"line":57},"1":{"loc":{"start":{"line":62,"column":32},"end":{"line":62,"column":84}},"type":"binary-expr","locations":[{"start":{"line":62,"column":32},"end":{"line":62,"column":47}},{"start":{"line":62,"column":51},"end":{"line":62,"column":84}}],"line":62},"2":{"loc":{"start":{"line":70,"column":51},"end":{"line":70,"column":145}},"type":"binary-expr","locations":[{"start":{"line":70,"column":51},"end":{"line":70,"column":60}},{"start":{"line":70,"column":65},"end":{"line":70,"column":144}}],"line":70},"3":{"loc":{"start":{"line":80,"column":51},"end":{"line":80,"column":145}},"type":"binary-expr","locations":[{"start":{"line":80,"column":51},"end":{"line":80,"column":60}},{"start":{"line":80,"column":65},"end":{"line":80,"column":144}}],"line":80},"4":{"loc":{"start":{"line":90,"column":51},"end":{"line":90,"column":146}},"type":"binary-expr","locations":[{"start":{"line":90,"column":51},"end":{"line":90,"column":60}},{"start":{"line":90,"column":65},"end":{"line":90,"column":145}}],"line":90},"5":{"loc":{"start":{"line":100,"column":51},"end":{"line":100,"column":148}},"type":"binary-expr","locations":[{"start":{"line":100,"column":51},"end":{"line":100,"column":60}},{"start":{"line":100,"column":65},"end":{"line":100,"column":147}}],"line":100}},"s":{"0":0,"1":0,"2":0,"3":0,"4":0,"5":0,"6":0,"7":0,"8":0,"9":0,"10":0,"11":0,"12":0,"13":0,"14":0,"15":0,"16":0,"17":0,"18":0,"19":0,"20":0,"21":0,"22":0,"23":0,"24":0,"25":0,"26":0,"27":0,"28":0,"29":0,"30":0,"31":0,"32":0,"33":0,"34":0,"35":0},"f":{"0":0,"1":0,"2":0,"3":0,"4":0,"5":0,"6":0,"7":0,"8":0,"9":0,"10":0},"b":{"0":[0,0],"1":[0,0],"2":[0,0],"3":[0,0],"4":[0,0],"5":[0,0]},"inputSourceMap":{"0":"{","1":"\"","2":"v","3":"e","4":"r","5":"s","6":"i","7":"o","8":"n","9":"\"","10":":","11":"3","12":",","13":"\"","14":"s","15":"o","16":"u","17":"r","18":"c","19":"e","20":"s","21":"\"","22":":","23":"[","24":"\"","25":"/","26":"U","27":"s","28":"e","29":"r","30":"s","31":"/","32":"t","33":"a","34":"n","35":"d","36":"y","37":"/","38":"p","39":"r","40":"o","41":"j","42":"e","43":"c","44":"t","45":"s","46":"/","47":"c","48":"a","49":"r","50":"-","51":"v","52":"a","53":"l","54":"u","55":"e","56":"/","57":"f","58":"r","59":"o","60":"n","61":"t","62":"e","63":"n","64":"d","65":"/","66":"r","67":"e","68":"s","69":"o","70":"u","71":"r","72":"c","73":"e","74":"s","75":"/","76":"j","77":"s","78":"/","79":"A","80":"p","81":"p","82":".","83":"v","84":"u","85":"e","86":"\"","87":"]","88":",","89":"\"","90":"n","91":"a","92":"m","93":"e","94":"s","95":"\"","96":":","97":"[","98":"]","99":",","100":"\"","101":"m","102":"a","103":"p","104":"p","105":"i","106":"n","107":"g","108":"s","109":"\"","110":":","111":"\"","112":"A","113":"A","114":"m","115":"D","116":"A","117":",","118":"e","119":"A","120":"A","121":"e","122":";","123":"E","124":"A","125":"C","126":"X","127":",","128":"I","129":"A","130":"A","131":"I","132":",","133":"G","134":"A","135":"A","136":"G","137":";","138":"I","139":"A","140":"C","141":"H","142":",","143":"O","144":"A","145":"A","146":"O","147":";","148":"M","149":"A","150":"C","151":"H","152":",","153":"c","154":"A","155":"A","156":"c","157":",","158":"E","159":"A","160":"A","161":"E","162":",","163":"C","164":"A","165":"A","166":"C","167":",","168":"C","169":"A","170":"A","171":"C","172":";","173":"M","174":"A","175":"C","176":"l","177":"B","178":",","179":"I","180":"A","181":"A","182":"I","183":",","184":"E","185":"A","186":"A","187":"E","188":",","189":"E","190":"A","191":"A","192":"E","193":";","194":"M","195":"A","196":"C","197":"R","198":",","199":"e","200":"A","201":"A","202":"e","203":",","204":"E","205":"A","206":"A","207":"E","208":";","209":"I","210":"A","211":"C","212":"r","213":"B","214":",","215":"C","216":"A","217":"A","218":"C","219":";","220":"E","221":"A","222":"C","223":"L","224":",","225":"C","226":"A","227":"A","228":"C","229":";","230":"E","231":"A","232":"C","233":"D","234":",","235":"O","236":"A","237":"A","238":"O","239":",","240":"G","241":"A","242":"A","243":"G","244":",","245":"C","246":"A","247":"C","248":"V","249":",","250":"C","251":"A","252":"A","253":"C","254":";","255":"E","256":"A","257":"C","258":"D","259":",","260":"O","261":"A","262":"A","263":"O","264":",","265":"E","266":"A","267":"A","268":"E","269":";","270":"I","271":"A","272":"C","273":"L","274":",","275":"U","276":"A","277":"A","278":"U","279":",","280":"G","281":"A","282":"A","283":"G","284":";","285":"M","286":"A","287":"C","288":"T","289":",","290":"O","291":"A","292":"A","293":"O","294":",","295":"K","296":"A","297":"A","298":"K","299":",","300":"C","301":"A","302":"C","303":"P","304":",","305":"I","306":"A","307":"A","308":"I","309":",","310":"C","311":"A","312":"A","313":"E","314":",","315":"0","316":"C","317":"A","318":"A","319":"y","320":"C","321":",","322":"E","323":"A","324":"A","325":"E","326":";","327":"Q","328":"A","329":"C","330":"9","331":"C","332":",","333":"M","334":"A","335":"A","336":"M","337":",","338":"E","339":"A","340":"A","341":"E","342":",","343":"I","344":"A","345":"A","346":"I","347":";","348":"Q","349":"A","350":"C","351":"Z","352":",","353":"M","354":"A","355":"A","356":"M","357":",","358":"E","359":"A","360":"A","361":"E","362":",","363":"K","364":"A","365":"A","366":"K","367":";","368":"Q","369":"A","370":"C","371":"b","372":",","373":"O","374":"A","375":"A","376":"O","377":",","378":"E","379":"A","380":"A","381":"E","382":";","383":"M","384":"A","385":"C","386":"b","387":",","388":"C","389":"A","390":"A","391":"C","392":",","393":"C","394":"A","395":"A","396":"C","397":",","398":"C","399":"A","400":"C","401":"D","402":",","403":"I","404":"A","405":"A","406":"I","407":",","408":"C","409":"A","410":"A","411":"E","412":",","413":"G","414":"A","415":"A","416":"G","417":",","418":"I","419":"A","420":"A","421":"K","422":";","423":"Q","424":"A","425":"C","426":"X","427":",","428":"O","429":"A","430":"A","431":"O","432":",","433":"C","434":"A","435":"A","436":"C","437":",","438":"G","439":"A","440":"A","441":"G","442":",","443":"C","444":"A","445":"A","446":"C","447":",","448":"G","449":"A","450":"A","451":"G","452":",","453":"C","454":"A","455":"A","456":"C","457":",","458":"I","459":"A","460":"A","461":"I","462":",","463":"C","464":"A","465":"A","466":"C","467":";","468":"Q","469":"A","470":"C","471":"r","472":"B","473":",","474":"I","475":"A","476":"A","477":"I","478":",","479":"C","480":"A","481":"A","482":"C","483":",","484":"e","485":"A","486":"A","487":"e","488":",","489":"G","490":"A","491":"A","492":"G","493":",","494":"G","495":"A","496":"A","497":"G","498":",","499":"C","500":"A","501":"A","502":"C","503":",","504":"I","505":"A","506":"A","507":"I","508":",","509":"C","510":"A","511":"A","512":"C","513":",","514":"U","515":"A","516":"A","517":"U","518":";","519":"Q","520":"A","521":"C","522":"1","523":"C","524":",","525":"I","526":"A","527":"A","528":"I","529":",","530":"C","531":"A","532":"A","533":"C","534":",","535":"I","536":"A","537":"A","538":"I","539":",","540":"G","541":"A","542":"A","543":"G","544":",","545":"G","546":"A","547":"A","548":"G","549":",","550":"C","551":"A","552":"A","553":"C","554":",","555":"I","556":"A","557":"A","558":"I","559":",","560":"C","561":"A","562":"A","563":"C","564":",","565":"I","566":"A","567":"A","568":"I","569":";","570":"M","571":"A","572":"C","573":"7","574":"B","575":",","576":"C","577":"A","578":"A","579":"C","580":",","581":"C","582":"A","583":"A","584":"C","585":";","586":"I","587":"A","588":"C","589":"V","590":";","591":"E","592":"A","593":"C","594":"J","595":";","596":"A","597":"A","598":"C","599":"J","600":",","601":"C","602":"A","603":"A","604":"C","605":"\"","606":",","607":"\"","608":"f","609":"i","610":"l","611":"e","612":"\"","613":":","614":"\"","615":"/","616":"U","617":"s","618":"e","619":"r","620":"s","621":"/","622":"t","623":"a","624":"n","625":"d","626":"y","627":"/","628":"p","629":"r","630":"o","631":"j","632":"e","633":"c","634":"t","635":"s","636":"/","637":"c","638":"a","639":"r","640":"-","641":"v","642":"a","643":"l","644":"u","645":"e","646":"/","647":"f","648":"r","649":"o","650":"n","651":"t","652":"e","653":"n","654":"d","655":"/","656":"r","657":"e","658":"s","659":"o","660":"u","661":"r","662":"c","663":"e","664":"s","665":"/","666":"j","667":"s","668":"/","669":"A","670":"p","671":"p","672":".","673":"v","674":"u","675":"e","676":"\"","677":",","678":"\"","679":"s","680":"o","681":"u","682":"r","683":"c","684":"e","685":"s","686":"C","687":"o","688":"n","689":"t","690":"e","691":"n","692":"t","693":"\"","694":":","695":"[","696":"\"","697":"<","698":"t","699":"e","700":"m","701":"p","702":"l","703":"a","704":"t","705":"e","706":">","707":"\\","708":"n","709":" ","710":" ","711":" ","712":" ","713":"<","714":"d","715":"i","716":"v","717":">","718":"\\","719":"n","720":" ","721":" ","722":" ","723":" ","724":" ","725":" ","726":" ","727":" ","728":"<","729":"h","730":"3","731":" ","732":"c","733":"l","734":"a","735":"s","736":"s","737":"=","738":"\\","739":"\"","740":"t","741":"e","742":"x","743":"t","744":"-","745":"c","746":"e","747":"n","748":"t","749":"e","750":"r","751":"\\","752":"\"","753":">","754":"P","755":"r","756":"e","757":"d","758":"i","759":"c","760":"t","761":"<","762":"/","763":"h","764":"3","765":">","766":"\\","767":"n","768":" ","769":" ","770":" ","771":" ","772":" ","773":" ","774":" ","775":" ","776":"<","777":"d","778":"i","779":"v","780":" ","781":"c","782":"l","783":"a","784":"s","785":"s","786":"=","787":"\\","788":"\"","789":"r","790":"o","791":"w","792":"\\","793":"\"","794":">","795":"\\","796":"n","797":" ","798":" ","799":" ","800":" ","801":" ","802":" ","803":" ","804":" ","805":" ","806":" ","807":" ","808":" ","809":"<","810":"d","811":"i","812":"v","813":" ","814":"c","815":"l","816":"a","817":"s","818":"s","819":"=","820":"\\","821":"\"","822":"c","823":"o","824":"l","825":"-","826":"m","827":"d","828":"-","829":"6","830":"\\","831":"\"","832":">","833":"\\","834":"n","835":" ","836":" ","837":" ","838":" ","839":" ","840":" ","841":" ","842":" ","843":" ","844":" ","845":" ","846":" ","847":" ","848":" ","849":" ","850":" ","851":"<","852":"f","853":"o","854":"r","855":"m","856":" ","857":"@","858":"s","859":"u","860":"b","861":"m","862":"i","863":"t","864":".","865":"p","866":"r","867":"e","868":"v","869":"e","870":"n","871":"t","872":"=","873":"\\","874":"\"","875":"p","876":"r","877":"e","878":"d","879":"i","880":"c","881":"t","882":"i","883":"o","884":"n","885":"\\","886":"\"","887":">","888":"\\","889":"n","890":" ","891":" ","892":" ","893":" ","894":" ","895":" ","896":" ","897":" ","898":" ","899":" ","900":" ","901":" ","902":" ","903":" ","904":" ","905":" ","906":" ","907":" ","908":" ","909":" ","910":"<","911":"d","912":"i","913":"v","914":" ","915":"c","916":"l","917":"a","918":"s","919":"s","920":"=","921":"\\","922":"\"","923":"f","924":"o","925":"r","926":"m","927":"-","928":"g","929":"r","930":"o","931":"u","932":"p","933":"\\","934":"\"","935":">","936":"\\","937":"n","938":" ","939":" ","940":" ","941":" ","942":" ","943":" ","944":" ","945":" ","946":" ","947":" ","948":" ","949":" ","950":" ","951":" ","952":" ","953":" ","954":" ","955":" ","956":" ","957":" ","958":" ","959":" ","960":" ","961":" ","962":"<","963":"l","964":"a","965":"b","966":"e","967":"l","968":">","969":"Y","970":"e","971":"a","972":"r","973":"<","974":"/","975":"l","976":"a","977":"b","978":"e","979":"l","980":">","981":"\\","982":"n","983":" ","984":" ","985":" ","986":" ","987":" ","988":" ","989":" ","990":" ","991":" ","992":" ","993":" ","994":" ","995":" ","996":" ","997":" ","998":" ","999":" ","1000":" ","1001":" ","1002":" ","1003":" ","1004":" ","1005":" ","1006":" ","1007":"<","1008":"i","1009":"n","1010":"p","1011":"u","1012":"t","1013":" ","1014":"t","1015":"y","1016":"p","1017":"e","1018":"=","1019":"\\","1020":"\"","1021":"t","1022":"e","1023":"x","1024":"t","1025":"\\","1026":"\"","1027":" ","1028":"c","1029":"l","1030":"a","1031":"s","1032":"s","1033":"=","1034":"\\","1035":"\"","1036":"f","1037":"o","1038":"r","1039":"m","1040":"-","1041":"c","1042":"o","1043":"n","1044":"t","1045":"r","1046":"o","1047":"l","1048":"\\","1049":"\"","1050":" ","1051":"v","1052":"-","1053":"m","1054":"o","1055":"d","1056":"e","1057":"l","1058":"=","1059":"\\","1060":"\"","1061":"p","1062":"r","1063":"e","1064":"d","1065":"i","1066":"c","1067":"t","1068":"R","1069":"e","1070":"q","1071":"u","1072":"e","1073":"s","1074":"t","1075":".","1076":"y","1077":"e","1078":"a","1079":"r","1080":"\\","1081":"\"","1082":">","1083":"\\","1084":"n","1085":" ","1086":" ","1087":" ","1088":" ","1089":" ","1090":" ","1091":" ","1092":" ","1093":" ","1094":" ","1095":" ","1096":" ","1097":" ","1098":" ","1099":" ","1100":" ","1101":" ","1102":" ","1103":" ","1104":" ","1105":"<","1106":"/","1107":"d","1108":"i","1109":"v","1110":">","1111":"\\","1112":"n","1113":" ","1114":" ","1115":" ","1116":" ","1117":" ","1118":" ","1119":" ","1120":" ","1121":" ","1122":" ","1123":" ","1124":" ","1125":" ","1126":" ","1127":" ","1128":" ","1129":" ","1130":" ","1131":" ","1132":" ","1133":"<","1134":"d","1135":"i","1136":"v","1137":" ","1138":"c","1139":"l","1140":"a","1141":"s","1142":"s","1143":"=","1144":"\\","1145":"\"","1146":"f","1147":"o","1148":"r","1149":"m","1150":"-","1151":"g","1152":"r","1153":"o","1154":"u","1155":"p","1156":"\\","1157":"\"","1158":">","1159":"\\","1160":"n","1161":" ","1162":" ","1163":" ","1164":" ","1165":" ","1166":" ","1167":" ","1168":" ","1169":" ","1170":" ","1171":" ","1172":" ","1173":" ","1174":" ","1175":" ","1176":" ","1177":" ","1178":" ","1179":" ","1180":" ","1181":" ","1182":" ","1183":" ","1184":" ","1185":"<","1186":"l","1187":"a","1188":"b","1189":"e","1190":"l","1191":">","1192":"M","1193":"a","1194":"k","1195":"e","1196":"<","1197":"/","1198":"l","1199":"a","1200":"b","1201":"e","1202":"l","1203":">","1204":"\\","1205":"n","1206":" ","1207":" ","1208":" ","1209":" ","1210":" ","1211":" ","1212":" ","1213":" ","1214":" ","1215":" ","1216":" ","1217":" ","1218":" ","1219":" ","1220":" ","1221":" ","1222":" ","1223":" ","1224":" ","1225":" ","1226":" ","1227":" ","1228":" ","1229":" ","1230":"<","1231":"i","1232":"n","1233":"p","1234":"u","1235":"t","1236":" ","1237":"t","1238":"y","1239":"p","1240":"e","1241":"=","1242":"\\","1243":"\"","1244":"t","1245":"e","1246":"x","1247":"t","1248":"\\","1249":"\"","1250":" ","1251":"c","1252":"l","1253":"a","1254":"s","1255":"s","1256":"=","1257":"\\","1258":"\"","1259":"f","1260":"o","1261":"r","1262":"m","1263":"-","1264":"c","1265":"o","1266":"n","1267":"t","1268":"r","1269":"o","1270":"l","1271":"\\","1272":"\"","1273":" ","1274":"v","1275":"-","1276":"m","1277":"o","1278":"d","1279":"e","1280":"l","1281":"=","1282":"\\","1283":"\"","1284":"p","1285":"r","1286":"e","1287":"d","1288":"i","1289":"c","1290":"t","1291":"R","1292":"e","1293":"q","1294":"u","1295":"e","1296":"s","1297":"t","1298":".","1299":"m","1300":"a","1301":"k","1302":"e","1303":"\\","1304":"\"","1305":">","1306":"\\","1307":"n","1308":" ","1309":" ","1310":" ","1311":" ","1312":" ","1313":" ","1314":" ","1315":" ","1316":" ","1317":" ","1318":" ","1319":" ","1320":" ","1321":" ","1322":" ","1323":" ","1324":" ","1325":" ","1326":" ","1327":" ","1328":"<","1329":"/","1330":"d","1331":"i","1332":"v","1333":">","1334":"\\","1335":"n","1336":" ","1337":" ","1338":" ","1339":" ","1340":" ","1341":" ","1342":" ","1343":" ","1344":" ","1345":" ","1346":" ","1347":" ","1348":" ","1349":" ","1350":" ","1351":" ","1352":" ","1353":" ","1354":" ","1355":" ","1356":"<","1357":"d","1358":"i","1359":"v","1360":" ","1361":"c","1362":"l","1363":"a","1364":"s","1365":"s","1366":"=","1367":"\\","1368":"\"","1369":"f","1370":"o","1371":"r","1372":"m","1373":"-","1374":"g","1375":"r","1376":"o","1377":"u","1378":"p","1379":"\\","1380":"\"","1381":">","1382":"\\","1383":"n","1384":" ","1385":" ","1386":" ","1387":" ","1388":" ","1389":" ","1390":" ","1391":" ","1392":" ","1393":" ","1394":" ","1395":" ","1396":" ","1397":" ","1398":" ","1399":" ","1400":" ","1401":" ","1402":" ","1403":" ","1404":" ","1405":" ","1406":" ","1407":" ","1408":"<","1409":"l","1410":"a","1411":"b","1412":"e","1413":"l","1414":">","1415":"M","1416":"o","1417":"d","1418":"e","1419":"l","1420":"<","1421":"/","1422":"l","1423":"a","1424":"b","1425":"e","1426":"l","1427":">","1428":"\\","1429":"n","1430":" ","1431":" ","1432":" ","1433":" ","1434":" ","1435":" ","1436":" ","1437":" ","1438":" ","1439":" ","1440":" ","1441":" ","1442":" ","1443":" ","1444":" ","1445":" ","1446":" ","1447":" ","1448":" ","1449":" ","1450":" ","1451":" ","1452":" ","1453":" ","1454":"<","1455":"i","1456":"n","1457":"p","1458":"u","1459":"t","1460":" ","1461":"t","1462":"y","1463":"p","1464":"e","1465":"=","1466":"\\","1467":"\"","1468":"t","1469":"e","1470":"x","1471":"t","1472":"\\","1473":"\"","1474":" ","1475":"c","1476":"l","1477":"a","1478":"s","1479":"s","1480":"=","1481":"\\","1482":"\"","1483":"f","1484":"o","1485":"r","1486":"m","1487":"-","1488":"c","1489":"o","1490":"n","1491":"t","1492":"r","1493":"o","1494":"l","1495":"\\","1496":"\"","1497":" ","1498":"v","1499":"-","1500":"m","1501":"o","1502":"d","1503":"e","1504":"l","1505":"=","1506":"\\","1507":"\"","1508":"p","1509":"r","1510":"e","1511":"d","1512":"i","1513":"c","1514":"t","1515":"R","1516":"e","1517":"q","1518":"u","1519":"e","1520":"s","1521":"t","1522":".","1523":"m","1524":"o","1525":"d","1526":"e","1527":"l","1528":"\\","1529":"\"","1530":">","1531":"\\","1532":"n","1533":" ","1534":" ","1535":" ","1536":" ","1537":" ","1538":" ","1539":" ","1540":" ","1541":" ","1542":" ","1543":" ","1544":" ","1545":" ","1546":" ","1547":" ","1548":" ","1549":" ","1550":" ","1551":" ","1552":" ","1553":"<","1554":"/","1555":"d","1556":"i","1557":"v","1558":">","1559":"\\","1560":"n","1561":" ","1562":" ","1563":" ","1564":" ","1565":" ","1566":" ","1567":" ","1568":" ","1569":" ","1570":" ","1571":" ","1572":" ","1573":" ","1574":" ","1575":" ","1576":" ","1577":" ","1578":" ","1579":" ","1580":" ","1581":"<","1582":"d","1583":"i","1584":"v","1585":" ","1586":"c","1587":"l","1588":"a","1589":"s","1590":"s","1591":"=","1592":"\\","1593":"\"","1594":"f","1595":"o","1596":"r","1597":"m","1598":"-","1599":"g","1600":"r","1601":"o","1602":"u","1603":"p","1604":"\\","1605":"\"","1606":">","1607":"\\","1608":"n","1609":" ","1610":" ","1611":" ","1612":" ","1613":" ","1614":" ","1615":" ","1616":" ","1617":" ","1618":" ","1619":" ","1620":" ","1621":" ","1622":" ","1623":" ","1624":" ","1625":" ","1626":" ","1627":" ","1628":" ","1629":" ","1630":" ","1631":" ","1632":" ","1633":"<","1634":"l","1635":"a","1636":"b","1637":"e","1638":"l","1639":">","1640":"M","1641":"i","1642":"l","1643":"e","1644":"a","1645":"g","1646":"e","1647":"<","1648":"/","1649":"l","1650":"a","1651":"b","1652":"e","1653":"l","1654":">","1655":"\\","1656":"n","1657":" ","1658":" ","1659":" ","1660":" ","1661":" ","1662":" ","1663":" ","1664":" ","1665":" ","1666":" ","1667":" ","1668":" ","1669":" ","1670":" ","1671":" ","1672":" ","1673":" ","1674":" ","1675":" ","1676":" ","1677":" ","1678":" ","1679":" ","1680":" ","1681":"<","1682":"i","1683":"n","1684":"p","1685":"u","1686":"t","1687":" ","1688":"t","1689":"y","1690":"p","1691":"e","1692":"=","1693":"\\","1694":"\"","1695":"t","1696":"e","1697":"x","1698":"t","1699":"\\","1700":"\"","1701":" ","1702":"c","1703":"l","1704":"a","1705":"s","1706":"s","1707":"=","1708":"\\","1709":"\"","1710":"f","1711":"o","1712":"r","1713":"m","1714":"-","1715":"c","1716":"o","1717":"n","1718":"t","1719":"r","1720":"o","1721":"l","1722":"\\","1723":"\"","1724":" ","1725":"v","1726":"-","1727":"m","1728":"o","1729":"d","1730":"e","1731":"l","1732":"=","1733":"\\","1734":"\"","1735":"p","1736":"r","1737":"e","1738":"d","1739":"i","1740":"c","1741":"t","1742":"R","1743":"e","1744":"q","1745":"u","1746":"e","1747":"s","1748":"t","1749":".","1750":"m","1751":"i","1752":"l","1753":"e","1754":"a","1755":"g","1756":"e","1757":"\\","1758":"\"","1759":">","1760":"\\","1761":"n","1762":" ","1763":" ","1764":" ","1765":" ","1766":" ","1767":" ","1768":" ","1769":" ","1770":" ","1771":" ","1772":" ","1773":" ","1774":" ","1775":" ","1776":" ","1777":" ","1778":" ","1779":" ","1780":" ","1781":" ","1782":"<","1783":"/","1784":"d","1785":"i","1786":"v","1787":">","1788":"\\","1789":"n","1790":" ","1791":" ","1792":" ","1793":" ","1794":" ","1795":" ","1796":" ","1797":" ","1798":" ","1799":" ","1800":" ","1801":" ","1802":" ","1803":" ","1804":" ","1805":" ","1806":" ","1807":" ","1808":" ","1809":" ","1810":"<","1811":"b","1812":"u","1813":"t","1814":"t","1815":"o","1816":"n","1817":" ","1818":"t","1819":"y","1820":"p","1821":"e","1822":"=","1823":"\\","1824":"\"","1825":"s","1826":"u","1827":"b","1828":"m","1829":"i","1830":"t","1831":"\\","1832":"\"","1833":" ","1834":"c","1835":"l","1836":"a","1837":"s","1838":"s","1839":"=","1840":"\\","1841":"\"","1842":"b","1843":"t","1844":"n","1845":" ","1846":"b","1847":"t","1848":"n","1849":"-","1850":"p","1851":"r","1852":"i","1853":"m","1854":"a","1855":"r","1856":"y","1857":"\\","1858":"\"","1859":">","1860":"P","1861":"r","1862":"e","1863":"d","1864":"i","1865":"c","1866":"t","1867":"<","1868":"/","1869":"b","1870":"u","1871":"t","1872":"t","1873":"o","1874":"n","1875":">","1876":"\\","1877":"n","1878":" ","1879":" ","1880":" ","1881":" ","1882":" ","1883":" ","1884":" ","1885":" ","1886":" ","1887":" ","1888":" ","1889":" ","1890":" ","1891":" ","1892":" ","1893":" ","1894":"<","1895":"/","1896":"f","1897":"o","1898":"r","1899":"m","1900":">","1901":"\\","1902":"n","1903":"\\","1904":"n","1905":" ","1906":" ","1907":" ","1908":" ","1909":" ","1910":" ","1911":" ","1912":" ","1913":" ","1914":" ","1915":" ","1916":" ","1917":" ","1918":" ","1919":" ","1920":" ","1921":"<","1922":"d","1923":"i","1924":"v","1925":" ","1926":"v","1927":"-","1928":"s","1929":"h","1930":"o","1931":"w","1932":"=","1933":"\\","1934":"\"","1935":"p","1936":"r","1937":"e","1938":"d","1939":"i","1940":"c","1941":"t","1942":"i","1943":"o","1944":"n","1945":"V","1946":"a","1947":"l","1948":"u","1949":"e","1950":" ","1951":"!","1952":"=","1953":" ","1954":"n","1955":"u","1956":"l","1957":"l","1958":"\\","1959":"\"","1960":">","1961":"\\","1962":"n","1963":" ","1964":" ","1965":" ","1966":" ","1967":" ","1968":" ","1969":" ","1970":" ","1971":" ","1972":" ","1973":" ","1974":" ","1975":" ","1976":" ","1977":" ","1978":" ","1979":" ","1980":" ","1981":" ","1982":" ","1983":"<","1984":"b","1985":">","1986":"{","1987":"{","1988":" ","1989":"p","1990":"r","1991":"e","1992":"d","1993":"i","1994":"c","1995":"t","1996":"i","1997":"o","1998":"n","1999":"V","2000":"a","2001":"l","2002":"u","2003":"e","2004":" ","2005":"}","2006":"}","2007":"<","2008":"/","2009":"b","2010":">","2011":"\\","2012":"n","2013":" ","2014":" ","2015":" ","2016":" ","2017":" ","2018":" ","2019":" ","2020":" ","2021":" ","2022":" ","2023":" ","2024":" ","2025":" ","2026":" ","2027":" ","2028":" ","2029":"<","2030":"/","2031":"d","2032":"i","2033":"v","2034":">","2035":"\\","2036":"n","2037":"\\","2038":"n","2039":" ","2040":" ","2041":" ","2042":" ","2043":" ","2044":" ","2045":" ","2046":" ","2047":" ","2048":" ","2049":" ","2050":" ","2051":" ","2052":" ","2053":" ","2054":" ","2055":"<","2056":"t","2057":"a","2058":"b","2059":"l","2060":"e","2061":" ","2062":"v","2063":"-","2064":"s","2065":"h","2066":"o","2067":"w","2068":"=","2069":"\\","2070":"\"","2071":"p","2072":"r","2073":"e","2074":"d","2075":"i","2076":"c","2077":"t","2078":"i","2079":"o","2080":"n","2081":"V","2082":"a","2083":"l","2084":"u","2085":"e","2086":" ","2087":"!","2088":"=","2089":" ","2090":"n","2091":"u","2092":"l","2093":"l","2094":"\\","2095":"\"","2096":" ","2097":"c","2098":"l","2099":"a","2100":"s","2101":"s","2102":"=","2103":"\\","2104":"\"","2105":"t","2106":"a","2107":"b","2108":"l","2109":"e","2110":"\\","2111":"\"","2112":">","2113":"\\","2114":"n","2115":" ","2116":" ","2117":" ","2118":" ","2119":" ","2120":" ","2121":" ","2122":" ","2123":" ","2124":" ","2125":" ","2126":" ","2127":" ","2128":" ","2129":" ","2130":" ","2131":" ","2132":" ","2133":" ","2134":" ","2135":"<","2136":"t","2137":"h","2138":"e","2139":"a","2140":"d","2141":">","2142":"\\","2143":"n","2144":" ","2145":" ","2146":" ","2147":" ","2148":" ","2149":" ","2150":" ","2151":" ","2152":" ","2153":" ","2154":" ","2155":" ","2156":" ","2157":" ","2158":" ","2159":" ","2160":" ","2161":" ","2162":" ","2163":" ","2164":"<","2165":"t","2166":"r","2167":">","2168":"\\","2169":"n","2170":" ","2171":" ","2172":" ","2173":" ","2174":" ","2175":" ","2176":" ","2177":" ","2178":" ","2179":" ","2180":" ","2181":" ","2182":" ","2183":" ","2184":" ","2185":" ","2186":" ","2187":" ","2188":" ","2189":" ","2190":" ","2191":" ","2192":" ","2193":" ","2194":"<","2195":"t","2196":"h","2197":">","2198":"I","2199":"D","2200":"<","2201":"/","2202":"t","2203":"h","2204":">","2205":"\\","2206":"n","2207":" ","2208":" ","2209":" ","2210":" ","2211":" ","2212":" ","2213":" ","2214":" ","2215":" ","2216":" ","2217":" ","2218":" ","2219":" ","2220":" ","2221":" ","2222":" ","2223":" ","2224":" ","2225":" ","2226":" ","2227":" ","2228":" ","2229":" ","2230":" ","2231":"<","2232":"t","2233":"h","2234":">","2235":"N","2236":"a","2237":"m","2238":"e","2239":"<","2240":"/","2241":"t","2242":"h","2243":">","2244":"\\","2245":"n","2246":" ","2247":" ","2248":" ","2249":" ","2250":" ","2251":" ","2252":" ","2253":" ","2254":" ","2255":" ","2256":" ","2257":" ","2258":" ","2259":" ","2260":" ","2261":" ","2262":" ","2263":" ","2264":" ","2265":" ","2266":" ","2267":" ","2268":" ","2269":" ","2270":"<","2271":"t","2272":"h","2273":">","2274":"D","2275":"e","2276":"t","2277":"a","2278":"i","2279":"l","2280":"<","2281":"/","2282":"t","2283":"h","2284":">","2285":"\\","2286":"n","2287":" ","2288":" ","2289":" ","2290":" ","2291":" ","2292":" ","2293":" ","2294":" ","2295":" ","2296":" ","2297":" ","2298":" ","2299":" ","2300":" ","2301":" ","2302":" ","2303":" ","2304":" ","2305":" ","2306":" ","2307":"<","2308":"/","2309":"t","2310":"r","2311":">","2312":"\\","2313":"n","2314":" ","2315":" ","2316":" ","2317":" ","2318":" ","2319":" ","2320":" ","2321":" ","2322":" ","2323":" ","2324":" ","2325":" ","2326":" ","2327":" ","2328":" ","2329":" ","2330":" ","2331":" ","2332":" ","2333":" ","2334":"<","2335":"/","2336":"t","2337":"h","2338":"e","2339":"a","2340":"d","2341":">","2342":"\\","2343":"n","2344":" ","2345":" ","2346":" ","2347":" ","2348":" ","2349":" ","2350":" ","2351":" ","2352":" ","2353":" ","2354":" ","2355":" ","2356":" ","2357":" ","2358":" ","2359":" ","2360":" ","2361":" ","2362":" ","2363":" ","2364":"<","2365":"t","2366":"b","2367":"o","2368":"d","2369":"y","2370":">","2371":"\\","2372":"n","2373":" ","2374":" ","2375":" ","2376":" ","2377":" ","2378":" ","2379":" ","2380":" ","2381":" ","2382":" ","2383":" ","2384":" ","2385":" ","2386":" ","2387":" ","2388":" ","2389":" ","2390":" ","2391":" ","2392":" ","2393":"<","2394":"t","2395":"r","2396":" ","2397":"v","2398":"-","2399":"f","2400":"o","2401":"r","2402":"=","2403":"\\","2404":"\"","2405":"c","2406":"a","2407":"r","2408":" ","2409":"i","2410":"n","2411":" ","2412":"c","2413":"a","2414":"r","2415":"s","2416":"\\","2417":"\"","2418":" ","2419":":","2420":"k","2421":"e","2422":"y","2423":"=","2424":"\\","2425":"\"","2426":"c","2427":"a","2428":"r","2429":".","2430":"i","2431":"d","2432":"\\","2433":"\"","2434":">","2435":"\\","2436":"n","2437":" ","2438":" ","2439":" ","2440":" ","2441":" ","2442":" ","2443":" ","2444":" ","2445":" ","2446":" ","2447":" ","2448":" ","2449":" ","2450":" ","2451":" ","2452":" ","2453":" ","2454":" ","2455":" ","2456":" ","2457":" ","2458":" ","2459":" ","2460":" ","2461":"<","2462":"t","2463":"d","2464":">","2465":"{","2466":"{","2467":" ","2468":"c","2469":"a","2470":"r","2471":".","2472":"i","2473":"d","2474":" ","2475":"}","2476":"}","2477":"<","2478":"/","2479":"t","2480":"d","2481":">","2482":"\\","2483":"n","2484":" ","2485":" ","2486":" ","2487":" ","2488":" ","2489":" ","2490":" ","2491":" ","2492":" ","2493":" ","2494":" ","2495":" ","2496":" ","2497":" ","2498":" ","2499":" ","2500":" ","2501":" ","2502":" ","2503":" ","2504":" ","2505":" ","2506":" ","2507":" ","2508":"<","2509":"t","2510":"d","2511":">","2512":"{","2513":"{","2514":" ","2515":"c","2516":"a","2517":"r","2518":".","2519":"m","2520":"a","2521":"k","2522":"e","2523":" ","2524":"}","2525":"}","2526":"<","2527":"/","2528":"t","2529":"d","2530":">","2531":"\\","2532":"n","2533":" ","2534":" ","2535":" ","2536":" ","2537":" ","2538":" ","2539":" ","2540":" ","2541":" ","2542":" ","2543":" ","2544":" ","2545":" ","2546":" ","2547":" ","2548":" ","2549":" ","2550":" ","2551":" ","2552":" ","2553":" ","2554":" ","2555":" ","2556":" ","2557":"<","2558":"t","2559":"d","2560":">","2561":"{","2562":"{","2563":" ","2564":"c","2565":"a","2566":"r","2567":".","2568":"m","2569":"o","2570":"d","2571":"e","2572":"l","2573":" ","2574":"}","2575":"}","2576":"<","2577":"/","2578":"t","2579":"d","2580":">","2581":"\\","2582":"n","2583":" ","2584":" ","2585":" ","2586":" ","2587":" ","2588":" ","2589":" ","2590":" ","2591":" ","2592":" ","2593":" ","2594":" ","2595":" ","2596":" ","2597":" ","2598":" ","2599":" ","2600":" ","2601":" ","2602":" ","2603":"<","2604":"/","2605":"t","2606":"r","2607":">","2608":"\\","2609":"n","2610":" ","2611":" ","2612":" ","2613":" ","2614":" ","2615":" ","2616":" ","2617":" ","2618":" ","2619":" ","2620":" ","2621":" ","2622":" ","2623":" ","2624":" ","2625":" ","2626":" ","2627":" ","2628":" ","2629":" ","2630":"<","2631":"/","2632":"t","2633":"b","2634":"o","2635":"d","2636":"y","2637":">","2638":"\\","2639":"n","2640":" ","2641":" ","2642":" ","2643":" ","2644":" ","2645":" ","2646":" ","2647":" ","2648":" ","2649":" ","2650":" ","2651":" ","2652":" ","2653":" ","2654":" ","2655":" ","2656":"<","2657":"/","2658":"t","2659":"a","2660":"b","2661":"l","2662":"e","2663":">","2664":"\\","2665":"n","2666":" ","2667":" ","2668":" ","2669":" ","2670":" ","2671":" ","2672":" ","2673":" ","2674":" ","2675":" ","2676":" ","2677":" ","2678":"<","2679":"/","2680":"d","2681":"i","2682":"v","2683":">","2684":"\\","2685":"n","2686":" ","2687":" ","2688":" ","2689":" ","2690":" ","2691":" ","2692":" ","2693":" ","2694":"<","2695":"/","2696":"d","2697":"i","2698":"v","2699":">","2700":"\\","2701":"n","2702":" ","2703":" ","2704":" ","2705":" ","2706":"<","2707":"/","2708":"d","2709":"i","2710":"v","2711":">","2712":"\\","2713":"n","2714":"<","2715":"/","2716":"t","2717":"e","2718":"m","2719":"p","2720":"l","2721":"a","2722":"t","2723":"e","2724":">","2725":"\\","2726":"n","2727":"\\","2728":"n","2729":"<","2730":"s","2731":"c","2732":"r","2733":"i","2734":"p","2735":"t","2736":">","2737":"\\","2738":"n","2739":"e","2740":"x","2741":"p","2742":"o","2743":"r","2744":"t","2745":" ","2746":"d","2747":"e","2748":"f","2749":"a","2750":"u","2751":"l","2752":"t","2753":" ","2754":"{","2755":"\\","2756":"n","2757":" ","2758":" ","2759":" ","2760":" ","2761":"d","2762":"a","2763":"t","2764":"a","2765":"(","2766":")","2767":" ","2768":"{","2769":"\\","2770":"n","2771":" ","2772":" ","2773":" ","2774":" ","2775":" ","2776":" ","2777":" ","2778":" ","2779":"r","2780":"e","2781":"t","2782":"u","2783":"r","2784":"n","2785":" ","2786":"{","2787":"\\","2788":"n","2789":" ","2790":" ","2791":" ","2792":" ","2793":" ","2794":" ","2795":" ","2796":" ","2797":" ","2798":" ","2799":" ","2800":" ","2801":"p","2802":"r","2803":"e","2804":"d","2805":"i","2806":"c","2807":"t","2808":"R","2809":"e","2810":"q","2811":"u","2812":"e","2813":"s","2814":"t","2815":":","2816":" ","2817":"{","2818":"}","2819":",","2820":"\\","2821":"n","2822":" ","2823":" ","2824":" ","2825":" ","2826":" ","2827":" ","2828":" ","2829":" ","2830":" ","2831":" ","2832":" ","2833":" ","2834":"c","2835":"a","2836":"r","2837":"s","2838":":","2839":" ","2840":"[","2841":"]","2842":",","2843":"\\","2844":"n","2845":" ","2846":" ","2847":" ","2848":" ","2849":" ","2850":" ","2851":" ","2852":" ","2853":" ","2854":" ","2855":" ","2856":" ","2857":"p","2858":"r","2859":"e","2860":"d","2861":"i","2862":"c","2863":"t","2864":"i","2865":"o","2866":"n","2867":"V","2868":"a","2869":"l","2870":"u","2871":"e","2872":":","2873":" ","2874":"n","2875":"u","2876":"l","2877":"l","2878":",","2879":"\\","2880":"n","2881":" ","2882":" ","2883":" ","2884":" ","2885":" ","2886":" ","2887":" ","2888":" ","2889":"}","2890":"\\","2891":"n","2892":" ","2893":" ","2894":" ","2895":" ","2896":"}","2897":",","2898":"\\","2899":"n","2900":" ","2901":" ","2902":" ","2903":" ","2904":"c","2905":"r","2906":"e","2907":"a","2908":"t","2909":"e","2910":"d","2911":"(","2912":")","2913":" ","2914":"{","2915":"\\","2916":"n","2917":" ","2918":" ","2919":" ","2920":" ","2921":"}","2922":",","2923":"\\","2924":"n","2925":" ","2926":" ","2927":" ","2928":" ","2929":"m","2930":"e","2931":"t","2932":"h","2933":"o","2934":"d","2935":"s","2936":":","2937":" ","2938":"{","2939":"\\","2940":"n","2941":" ","2942":" ","2943":" ","2944":" ","2945":" ","2946":" ","2947":" ","2948":" ","2949":"p","2950":"r","2951":"e","2952":"d","2953":"i","2954":"c","2955":"t","2956":"i","2957":"o","2958":"n","2959":"(","2960":")","2961":" ","2962":"{","2963":"\\","2964":"n","2965":" ","2966":" ","2967":" ","2968":" ","2969":" ","2970":" ","2971":" ","2972":" ","2973":" ","2974":" ","2975":" ","2976":" ","2977":"r","2978":"e","2979":"t","2980":"u","2981":"r","2982":"n","2983":" ","2984":"a","2985":"x","2986":"i","2987":"o","2988":"s","2989":"\\","2990":"n","2991":" ","2992":" ","2993":" ","2994":" ","2995":" ","2996":" ","2997":" ","2998":" ","2999":" ","3000":" ","3001":" ","3002":" ","3003":" ","3004":" ","3005":" ","3006":" ","3007":".","3008":"p","3009":"o","3010":"s","3011":"t","3012":"(","3013":"`","3014":"h","3015":"t","3016":"t","3017":"p","3018":":","3019":"/","3020":"/","3021":"l","3022":"o","3023":"c","3024":"a","3025":"l","3026":"h","3027":"o","3028":"s","3029":"t","3030":":","3031":"8","3032":"0","3033":"0","3034":"0","3035":"/","3036":"a","3037":"p","3038":"i","3039":"/","3040":"c","3041":"a","3042":"r","3043":"/","3044":"p","3045":"r","3046":"e","3047":"d","3048":"i","3049":"c","3050":"t","3051":"i","3052":"o","3053":"n","3054":"`","3055":",","3056":" ","3057":"{","3058":"\\","3059":"n","3060":" ","3061":" ","3062":" ","3063":" ","3064":" ","3065":" ","3066":" ","3067":" ","3068":" ","3069":" ","3070":" ","3071":" ","3072":" ","3073":" ","3074":" ","3075":" ","3076":" ","3077":" ","3078":" ","3079":" ","3080":"'","3081":"y","3082":"e","3083":"a","3084":"r","3085":"'","3086":":","3087":" ","3088":"2","3089":"0","3090":"1","3091":"1","3092":",","3093":"\\","3094":"n","3095":" ","3096":" ","3097":" ","3098":" ","3099":" ","3100":" ","3101":" ","3102":" ","3103":" ","3104":" ","3105":" ","3106":" ","3107":" ","3108":" ","3109":" ","3110":" ","3111":" ","3112":" ","3113":" ","3114":" ","3115":"'","3116":"m","3117":"a","3118":"k","3119":"e","3120":"'","3121":":","3122":" ","3123":"'","3124":"b","3125":"m","3126":"w","3127":"'","3128":",","3129":"\\","3130":"n","3131":" ","3132":" ","3133":" ","3134":" ","3135":" ","3136":" ","3137":" ","3138":" ","3139":" ","3140":" ","3141":" ","3142":" ","3143":" ","3144":" ","3145":" ","3146":" ","3147":" ","3148":" ","3149":" ","3150":" ","3151":"'","3152":"m","3153":"o","3154":"d","3155":"e","3156":"l","3157":"'","3158":":","3159":" ","3160":"'","3161":"x","3162":"3","3163":"'","3164":",","3165":"\\","3166":"n","3167":" ","3168":" ","3169":" ","3170":" ","3171":" ","3172":" ","3173":" ","3174":" ","3175":" ","3176":" ","3177":" ","3178":" ","3179":" ","3180":" ","3181":" ","3182":" ","3183":"}","3184":")","3185":"\\","3186":"n","3187":" ","3188":" ","3189":" ","3190":" ","3191":" ","3192":" ","3193":" ","3194":" ","3195":" ","3196":" ","3197":" ","3198":" ","3199":" ","3200":" ","3201":" ","3202":" ","3203":".","3204":"t","3205":"h","3206":"e","3207":"n","3208":"(","3209":"(","3210":"r","3211":"e","3212":"s","3213":")","3214":" ","3215":"=","3216":">","3217":" ","3218":"{","3219":"\\","3220":"n","3221":" ","3222":" ","3223":" ","3224":" ","3225":" ","3226":" ","3227":" ","3228":" ","3229":" ","3230":" ","3231":" ","3232":" ","3233":" ","3234":" ","3235":" ","3236":" ","3237":" ","3238":" ","3239":" ","3240":" ","3241":"c","3242":"o","3243":"n","3244":"s","3245":"o","3246":"l","3247":"e","3248":".","3249":"l","3250":"o","3251":"g","3252":"(","3253":"r","3254":"e","3255":"s","3256":".","3257":"d","3258":"a","3259":"t","3260":"a","3261":")","3262":";","3263":"\\","3264":"n","3265":" ","3266":" ","3267":" ","3268":" ","3269":" ","3270":" ","3271":" ","3272":" ","3273":" ","3274":" ","3275":" ","3276":" ","3277":" ","3278":" ","3279":" ","3280":" ","3281":" ","3282":" ","3283":" ","3284":" ","3285":"t","3286":"h","3287":"i","3288":"s","3289":".","3290":"p","3291":"r","3292":"e","3293":"d","3294":"i","3295":"c","3296":"t","3297":"i","3298":"o","3299":"n","3300":"V","3301":"a","3302":"l","3303":"u","3304":"e","3305":" ","3306":"=","3307":" ","3308":"r","3309":"e","3310":"s","3311":".","3312":"d","3313":"a","3314":"t","3315":"a","3316":".","3317":"p","3318":"r","3319":"e","3320":"d","3321":"i","3322":"c","3323":"t","3324":"i","3325":"o","3326":"n","3327":";","3328":"\\","3329":"n","3330":" ","3331":" ","3332":" ","3333":" ","3334":" ","3335":" ","3336":" ","3337":" ","3338":" ","3339":" ","3340":" ","3341":" ","3342":" ","3343":" ","3344":" ","3345":" ","3346":" ","3347":" ","3348":" ","3349":" ","3350":"t","3351":"h","3352":"i","3353":"s","3354":".","3355":"c","3356":"a","3357":"r","3358":"s","3359":" ","3360":"=","3361":" ","3362":"r","3363":"e","3364":"s","3365":".","3366":"d","3367":"a","3368":"t","3369":"a","3370":".","3371":"d","3372":"a","3373":"t","3374":"a","3375":";","3376":"\\","3377":"n","3378":" ","3379":" ","3380":" ","3381":" ","3382":" ","3383":" ","3384":" ","3385":" ","3386":" ","3387":" ","3388":" ","3389":" ","3390":" ","3391":" ","3392":" ","3393":" ","3394":"}","3395":")","3396":";","3397":"\\","3398":"n","3399":" ","3400":" ","3401":" ","3402":" ","3403":" ","3404":" ","3405":" ","3406":" ","3407":"}","3408":"\\","3409":"n","3410":" ","3411":" ","3412":" ","3413":" ","3414":"}","3415":"\\","3416":"n","3417":"}","3418":"\\","3419":"n","3420":"<","3421":"/","3422":"s","3423":"c","3424":"r","3425":"i","3426":"p","3427":"t","3428":">","3429":"\\","3430":"n","3431":"\"","3432":"]","3433":"}"}}
,"/Users/tandy/projects/car-value/frontend/resources/js/app.js": {"path":"/Users/tandy/projects/car-value/frontend/resources/js/app.js","statementMap":{"0":{"start":{"line":1,"column":0},"end":{"line":1,"column":23}},"1":{"start":{"line":7,"column":0},"end":{"line":7,"column":28}}},"fnMap":{},"branchMap":{},"s":{"0":0,"1":0},"f":{},"b":{}}
,"/Users/tandy/projects/car-value/frontend/resources/js/bootstrap.js": {"path":"/Users/tandy/projects/car-value/frontend/resources/js/bootstrap.js","statementMap":{"0":{"start":{"line":2,"column":0},"end":{"line":2,"column":13}},"1":{"start":{"line":13,"column":0},"end":{"line":13,"column":21}},"2":{"start":{"line":15,"column":0},"end":{"line":15,"column":76}}},"fnMap":{},"branchMap":{},"s":{"0":0,"1":0,"2":0},"f":{},"b":{}}
}
